<?xml version="1.0" encoding="UTF-8"?>
<!-- Generated by org.testng.reporters.JUnitReportReporter -->
<testsuite hostname="DESKTOP-GDFIP89" name="test_scripts.Login" tests="1" failures="0" timestamp="16 Jul 2020 10:09:15 GMT" time="17.878" errors="0">
  <testcase name="testLogin" time="17.878" classname="test_scripts.Login"/>
</testsuite> <!-- test_scripts.Login -->
